
======================================================================
BAZAAR PRICE PREDICTION FLASK API
======================================================================

✅ Model files found - loading existing model...
Loading model artifacts...
Model artifacts loaded successfully.
✅ Model artifacts loaded successfully!
Ready to serve predictions!

======================================================================
🚀 Starting Flask API Server
======================================================================
Server running at: http://0.0.0.0:5001
Minecraft mod should connect to this endpoint
======================================================================

 * Serving Flask app 'flask_api'
 * Debug mode: off
WARNING: This is a development server. Do not use it in a production deployment. Use a production WSGI server instead.
 * Running on all addresses (0.0.0.0)
 * Running on http://127.0.0.1:5001
 * Running on http://10.18.139.217:5001
Press CTRL+C to quit
127.0.0.1 - - [17/Nov/2025 23:29:34] "GET /recommendations?limit=10&min_confidence=50.0&hours=720 HTTP/1.1" 200 -
